<?xml version="1.0" encoding="UTF-8"?>
<!-- Generated by org.testng.reporters.JUnitReportReporter -->
<testsuite hostname="HP" failures="0" tests="2" name="TestNG.NewTest2" time="0.019" errors="0" timestamp="2024-07-04T10:49:15 IST" skipped="0">
  <testcase classname="TestNG.NewTest2" name="month" time="0.004"/>
  <system-out/>
  <testcase classname="TestNG.NewTest2" name="friday" time="0.015"/>
  <system-out/>
</testsuite> <!-- TestNG.NewTest2 -->
