<?xml version="1.0" encoding="UTF-8"?>
<!-- Generated by org.testng.reporters.JUnitReportReporter -->
<testsuite hostname="HP" failures="0" tests="2" name="TestNG.DataProvider" time="7.022" errors="0" timestamp="2024-07-09T15:06:11 IST" skipped="0">
  <testcase classname="TestNG.DataProvider" name="test_source" time="3.287"/>
  <system-out/>
  <testcase classname="TestNG.DataProvider" name="test_source" time="3.735"/>
  <system-out/>
</testsuite> <!-- TestNG.DataProvider -->
