<?xml version="1.0" encoding="UTF-8"?>
<!-- Generated by org.testng.reporters.JUnitReportReporter -->
<testsuite hostname="HP" failures="0" tests="4" name="TestNG.Param_series_parallel" time="5.735" errors="0" timestamp="2024-07-09T11:29:53 IST" skipped="0">
  <testcase classname="TestNG.Param_series_parallel" name="login" time="1.653"/>
  <system-out/>
  <testcase classname="TestNG.Param_series_parallel" name="login" time="2.404"/>
  <system-out/>
  <testcase classname="TestNG.Param_series_parallel" name="menucheck" time="0.496"/>
  <system-out/>
  <testcase classname="TestNG.Param_series_parallel" name="menucheck" time="1.182"/>
  <system-out/>
</testsuite> <!-- TestNG.Param_series_parallel -->
